<?xml version="1.0" encoding="UTF-8"?>
<!-- Generated by org.testng.reporters.JUnitXMLReporter -->
<testsuite hostname="LPNICFMVPG3" failures="0" tests="5" name="Test" time="99.257" errors="0" timestamp="22 Oct 2024 06:27:56 GMT">
  <testcase classname="com.automation.testcases.TC005_RegisterUserWithExistingEmail" name="TC005_VerifyRegisterUserWithExistingEmail" time="3.964"/>
  <testcase classname="com.automation.testcases.TC004_VerifyUserLogout" name="TC004_VerifyLogoutUser" time="7.464"/>
  <testcase classname="com.automation.testcases.TC001_Registration" name="TC001_RegisterUser" time="26.635"/>
  <testcase classname="com.automation.testcases.TC002_VerifyCorrectLoginCredentials" name="TC002_VerifyValidUserLogin" time="7.087"/>
  <testcase classname="com.automation.testcases.TC003_VerifyUserLoginWithInvalidCredentials" name="TC003_VerifyInvalidUserLogin" time="2.722"/>
</testsuite> <!-- Test -->
