<?xml version="1.0" encoding="UTF-8"?>
<testng-results total="1" passed="1" failed="0" skipped="0">
  <reporter-output>
  </reporter-output>
  <suite started-at="2024-11-07T08:13:03Z" name="Default suite" finished-at="2024-11-07T08:13:49Z" duration-ms="46098">
    <groups>
    </groups>
    <test started-at="2024-11-07T08:13:03Z" name="Default test" finished-at="2024-11-07T08:13:49Z" duration-ms="46098">
      <class name="com.automation.testcases.TC001_Registration">
        <test-method is-config="true" signature="PreSetup()[pri:0, instance:com.automation.testcases.TC001_Registration@2aa27288]" started-at="2024-11-07T13:43:03Z" name="PreSetup" finished-at="2024-11-07T13:43:03Z" duration-ms="5" status="PASS">
          <reporter-output>
          </reporter-output>
        </test-method> <!-- PreSetup -->
        <test-method is-config="true" signature="setupClass()[pri:0, instance:com.automation.testcases.TC001_Registration@2aa27288]" started-at="2024-11-07T13:43:03Z" name="setupClass" finished-at="2024-11-07T13:43:03Z" duration-ms="171" status="PASS">
          <reporter-output>
          </reporter-output>
        </test-method> <!-- setupClass -->
        <test-method is-config="true" signature="setUp()[pri:0, instance:com.automation.testcases.TC001_Registration@2aa27288]" started-at="2024-11-07T13:43:03Z" name="setUp" finished-at="2024-11-07T13:43:13Z" duration-ms="9844" status="PASS">
          <reporter-output>
          </reporter-output>
        </test-method> <!-- setUp -->
        <test-method signature="TC001_RegisterUser()[pri:0, instance:com.automation.testcases.TC001_Registration@2aa27288]" started-at="2024-11-07T13:43:13Z" name="TC001_RegisterUser" finished-at="2024-11-07T13:43:49Z" duration-ms="35495" status="PASS">
          <reporter-output>
          </reporter-output>
        </test-method> <!-- TC001_RegisterUser -->
        <test-method is-config="true" signature="tearDown()[pri:0, instance:com.automation.testcases.TC001_Registration@2aa27288]" started-at="2024-11-07T13:43:49Z" name="tearDown" finished-at="2024-11-07T13:43:49Z" duration-ms="580" status="PASS">
          <reporter-output>
          </reporter-output>
        </test-method> <!-- tearDown -->
      </class> <!-- com.automation.testcases.TC001_Registration -->
    </test> <!-- Default test -->
  </suite> <!-- Default suite -->
</testng-results>
